<?xml version="1.0" encoding="UTF-8"?>
<!-- Generated by org.testng.reporters.JUnitReportReporter -->
<testsuite skipped="0" hostname="user" name="tests.NewTest" tests="1" failures="0" timestamp="27 Jun 2018 19:12:32 GMT" time="0.000" errors="0">
  <testcase name="f" time="0.000" classname="tests.NewTest"/>
</testsuite> <!-- tests.NewTest -->
